<?xml version="1.0" encoding="UTF-8"?>
<robot generator="Robot 3.1.2 (Python 3.8.0 on win32)" generated="20191121 15:35:51.076" rpa="false">
<suite id="s1" name="TestSuit1" source="C:\Users\Me\eclipse-workspace\RobotProj1\Test\TestSuit1.robot">
<kw name="Log" library="BuiltIn" type="setup">
<doc>Logs the given message with the given level.</doc>
<arguments>
<arg>Inside Suite Setup</arg>
</arguments>
<msg timestamp="20191121 15:35:51.348" level="INFO">Inside Suite Setup</msg>
<status status="PASS" starttime="20191121 15:35:51.348" endtime="20191121 15:35:51.348"></status>
</kw>
<test id="s1-t1" name="MyFirstTest">
<kw name="Log" library="BuiltIn" type="setup">
<doc>Logs the given message with the given level.</doc>
<arguments>
<arg>Inside Test Setup</arg>
</arguments>
<msg timestamp="20191121 15:35:51.349" level="INFO">Inside Test Setup</msg>
<status status="PASS" starttime="20191121 15:35:51.349" endtime="20191121 15:35:51.349"></status>
</kw>
<kw name="Log" library="BuiltIn">
<doc>Logs the given message with the given level.</doc>
<arguments>
<arg>Hello World...</arg>
</arguments>
<msg timestamp="20191121 15:35:51.350" level="INFO">Hello World...</msg>
<status status="PASS" starttime="20191121 15:35:51.350" endtime="20191121 15:35:51.350"></status>
</kw>
<kw name="Log" library="BuiltIn" type="teardown">
<doc>Logs the given message with the given level.</doc>
<arguments>
<arg>Inside Test Teardown</arg>
</arguments>
<msg timestamp="20191121 15:35:51.351" level="INFO">Inside Test Teardown</msg>
<status status="PASS" starttime="20191121 15:35:51.350" endtime="20191121 15:35:51.351"></status>
</kw>
<status status="PASS" starttime="20191121 15:35:51.348" endtime="20191121 15:35:51.351" critical="yes"></status>
</test>
<test id="s1-t2" name="FirstSeleniumTesst">
<kw name="Log" library="BuiltIn" type="setup">
<doc>Logs the given message with the given level.</doc>
<arguments>
<arg>Inside Test Setup</arg>
</arguments>
<msg timestamp="20191121 15:35:51.353" level="INFO">Inside Test Setup</msg>
<status status="PASS" starttime="20191121 15:35:51.353" endtime="20191121 15:35:51.353"></status>
</kw>
<kw name="Open Browser" library="SeleniumLibrary">
<doc>Opens a new browser instance to the optional ``url``.</doc>
<arguments>
<arg>https://google.com</arg>
<arg>chrome</arg>
</arguments>
<msg timestamp="20191121 15:35:51.355" level="INFO">Opening browser 'chrome' to base url 'https://google.com'.</msg>
<status status="PASS" starttime="20191121 15:35:51.355" endtime="20191121 15:35:58.128"></status>
</kw>
<kw name="Set Browser Implicit Wait" library="SeleniumLibrary">
<doc>Sets the implicit wait value used by Selenium.</doc>
<arguments>
<arg>5</arg>
</arguments>
<status status="PASS" starttime="20191121 15:35:58.129" endtime="20191121 15:35:58.132"></status>
</kw>
<kw name="Input Text" library="SeleniumLibrary">
<doc>Types the given ``text`` into the text field identified by ``locator``.</doc>
<arguments>
<arg>name=q</arg>
<arg>Automation step by step</arg>
</arguments>
<msg timestamp="20191121 15:35:58.133" level="INFO">Typing text 'Automation step by step' into text field 'name=q'.</msg>
<status status="PASS" starttime="20191121 15:35:58.132" endtime="20191121 15:35:58.359"></status>
</kw>
<kw name="Press Keys" library="SeleniumLibrary">
<doc>Simulates the user pressing key(s) to an element or on the active browser.</doc>
<arguments>
<arg>false</arg>
<arg>ESC</arg>
</arguments>
<msg timestamp="20191121 15:35:58.360" level="INFO">Sending key(s) ('ESC',) to page.</msg>
<msg timestamp="20191121 15:35:58.360" level="INFO">Pressing special key ESCAPE to browser.</msg>
<status status="PASS" starttime="20191121 15:35:58.359" endtime="20191121 15:35:58.368"></status>
</kw>
<kw name="Sleep" library="BuiltIn">
<doc>Pauses the test executed for the given time.</doc>
<arguments>
<arg>2</arg>
</arguments>
<msg timestamp="20191121 15:36:00.370" level="INFO">Slept 2 seconds</msg>
<status status="PASS" starttime="20191121 15:35:58.369" endtime="20191121 15:36:00.370"></status>
</kw>
<kw name="Close Browser" library="SeleniumLibrary">
<doc>Closes the current browser.</doc>
<status status="PASS" starttime="20191121 15:36:00.370" endtime="20191121 15:36:02.586"></status>
</kw>
<kw name="Log" library="BuiltIn" type="teardown">
<doc>Logs the given message with the given level.</doc>
<arguments>
<arg>Inside Test Teardown</arg>
</arguments>
<msg timestamp="20191121 15:36:02.587" level="INFO">Inside Test Teardown</msg>
<status status="PASS" starttime="20191121 15:36:02.587" endtime="20191121 15:36:02.587"></status>
</kw>
<status status="PASS" starttime="20191121 15:35:51.353" endtime="20191121 15:36:02.588" critical="yes"></status>
</test>
<test id="s1-t3" name="SampleLoginTest">
<kw name="Log" library="BuiltIn" type="setup">
<doc>Logs the given message with the given level.</doc>
<arguments>
<arg>Inside Test Setup</arg>
</arguments>
<msg timestamp="20191121 15:36:02.590" level="INFO">Inside Test Setup</msg>
<status status="PASS" starttime="20191121 15:36:02.590" endtime="20191121 15:36:02.590"></status>
</kw>
<kw name="Open Browser" library="SeleniumLibrary">
<doc>Opens a new browser instance to the optional ``url``.</doc>
<arguments>
<arg>${URL}</arg>
<arg>chrome</arg>
</arguments>
<msg timestamp="20191121 15:36:02.591" level="INFO">Opening browser 'chrome' to base url 'https://opensource-demo.orangehrmlive.com/'.</msg>
<status status="PASS" starttime="20191121 15:36:02.591" endtime="20191121 15:36:10.323"></status>
</kw>
<kw name="Set Browser Implicit Wait" library="SeleniumLibrary">
<doc>Sets the implicit wait value used by Selenium.</doc>
<arguments>
<arg>8</arg>
</arguments>
<status status="PASS" starttime="20191121 15:36:10.323" endtime="20191121 15:36:10.325"></status>
</kw>
<kw name="LoginKW">
<kw name="Input Text" library="SeleniumLibrary">
<doc>Types the given ``text`` into the text field identified by ``locator``.</doc>
<arguments>
<arg>id=txtUsername</arg>
<arg>@{CREDENTIALS}[0]</arg>
</arguments>
<msg timestamp="20191121 15:36:10.326" level="INFO">Typing text 'Admin' into text field 'id=txtUsername'.</msg>
<status status="PASS" starttime="20191121 15:36:10.326" endtime="20191121 15:36:10.436"></status>
</kw>
<kw name="Input Password" library="SeleniumLibrary">
<doc>Types the given password into the text field identified by ``locator``.</doc>
<arguments>
<arg>id=txtPassword</arg>
<arg>&amp;{LOGINGDATA}[password]</arg>
</arguments>
<msg timestamp="20191121 15:36:10.437" level="INFO">Typing password into text field 'id=txtPassword'.</msg>
<status status="PASS" starttime="20191121 15:36:10.436" endtime="20191121 15:36:10.556"></status>
</kw>
<kw name="Click Button" library="SeleniumLibrary">
<doc>Clicks the button identified by ``locator``.</doc>
<arguments>
<arg>id=btnLogin</arg>
</arguments>
<msg timestamp="20191121 15:36:10.557" level="INFO">Clicking button 'id=btnLogin'.</msg>
<status status="PASS" starttime="20191121 15:36:10.556" endtime="20191121 15:36:12.097"></status>
</kw>
<status status="PASS" starttime="20191121 15:36:10.326" endtime="20191121 15:36:12.097"></status>
</kw>
<kw name="Click Element" library="SeleniumLibrary">
<doc>Click the element identified by ``locator``.</doc>
<arguments>
<arg>id=welcome</arg>
</arguments>
<msg timestamp="20191121 15:36:12.098" level="INFO">Clicking element 'id=welcome'.</msg>
<status status="PASS" starttime="20191121 15:36:12.098" endtime="20191121 15:36:12.162"></status>
</kw>
<kw name="Log" library="BuiltIn">
<doc>Logs the given message with the given level.</doc>
<arguments>
<arg>This was executed by %{username} on %{os}</arg>
</arguments>
<msg timestamp="20191121 15:36:12.163" level="INFO">This was executed by Me on Windows_NT</msg>
<status status="PASS" starttime="20191121 15:36:12.163" endtime="20191121 15:36:12.163"></status>
</kw>
<kw name="Log" library="BuiltIn" type="teardown">
<doc>Logs the given message with the given level.</doc>
<arguments>
<arg>Inside Test Teardown</arg>
</arguments>
<msg timestamp="20191121 15:36:12.163" level="INFO">Inside Test Teardown</msg>
<status status="PASS" starttime="20191121 15:36:12.163" endtime="20191121 15:36:12.163"></status>
</kw>
<doc>This is a samle loging test</doc>
<tags>
<tag>TagIdNbr1</tag>
</tags>
<status status="PASS" starttime="20191121 15:36:02.589" endtime="20191121 15:36:12.163" critical="yes"></status>
</test>
<kw name="Log" library="BuiltIn" type="teardown">
<doc>Logs the given message with the given level.</doc>
<arguments>
<arg>Inside Suite Teardown</arg>
</arguments>
<msg timestamp="20191121 15:36:12.166" level="INFO">Inside Suite Teardown</msg>
<status status="PASS" starttime="20191121 15:36:12.166" endtime="20191121 15:36:12.166"></status>
</kw>
<status status="PASS" starttime="20191121 15:35:51.079" endtime="20191121 15:36:12.166"></status>
</suite>
<statistics>
<total>
<stat pass="3" fail="0">Critical Tests</stat>
<stat pass="3" fail="0">All Tests</stat>
</total>
<tag>
<stat pass="1" fail="0">TagIdNbr1</stat>
</tag>
<suite>
<stat pass="3" fail="0" id="s1" name="TestSuit1">TestSuit1</stat>
</suite>
</statistics>
<errors>
</errors>
</robot>
